Removed Pin From Net: NetName=NetDS1_7 Pin=IC5-28
Removed Pin From Net: NetName=Vusb Pin=R31-1
Removed Pin From Net: NetName=Vusb Pin=R31-2
Change Component Comment : Designator=R17 Old Comment=200k New Comment=330k
Change Component Comment : Designator=R15 Old Comment=340k New Comment=560k
Change Component Comment : Designator=C3 Old Comment=08053C104MAT2A New Comment=100nF
Change Component Comment : Designator=C1 Old Comment=C0805C399D5GAC7800 New Comment=3.9pF
Change Component Comment : Designator=C2 Old Comment=C0805C399D5GAC7800 New Comment=3.9pF
Change Component Designator: OldDesignator=Q? NewDesignator=Q2
Change Component Designator: OldDesignator=R? NewDesignator=R31
Added Component: Designator=R13(Resistor 1206)
Added Pin To Net: NetName=NetIC5_16 Pin=DS1-8
Add Pin To Net: Unknown Pin: Pin DS1-MH1
Add Pin To Net: Unknown Pin: Pin DS1-MH2
Add Pin To Net: Unknown Pin: Pin DS1-MH3
Add Pin To Net: Unknown Pin: Pin DS1-MH4
Added Pin To Net: NetName=NetDS1_7 Pin=IC5-13
Added Pin To Net: NetName=NetDS1_7 Pin=IC8-5
Added Pin To Net: NetName=GND Pin=R13-1
Added Pin To Net: NetName=VCC Pin=R13-2
Change Net Name : Old Net Name=NetIC5_16 New Net Name=NetDS1_8
Change Net Name : Old Net Name=NetQ?_3 New Net Name=NetQ2_3
Added Member To Class: ClassName=TPI_time_timer Member=Component IC5 ESP32-WROOM-32E-N8
Added Member To Class: ClassName=TPI_time_timer Member=Component R13 10k
Added Member To Class: ClassName=TPI_time_timer Member=Component R21 10k
