Removed Pin From Net: NetName=NetDS1_4 Pin=IC5-23
Removed Pin From Net: NetName=NetIC5_13 Pin=J6-5
Removed Pin From Net: NetName=NetIC5_11 Pin=Q2-1
Removed Pin From Net: NetName=GND Pin=Q2-2
Removed Pin From Net: NetName=Vbat Pin=R5-2
Removed Pin From Net: NetName=GND Pin=R13-1
Removed Pin From Net: NetName=NetIC5_11 Pin=R13-2
Removed Pin From Net: NetName=GND Pin=R28-1
Removed Pin From Net: NetName=NetDS1_4 Pin=R28-2
Removed Pin From Net: NetName=NetC9_2 Pin=R*-1
Removed Pin From Net: NetName=NetC9_2 Pin=R*-2
Removed Member From Class: ClassName=TPI_time_timer Member=Q2
Removed Member From Class: ClassName=TPI_time_timer Member=R13
Change Component Footprint: Designator=J5 Old Footprint=B4BXHAMLFSN New Footprint=Header 4pin 2,54mm
Change Component Comment : Designator=R28 Old Comment=10k New Comment=1k
Added Component: Designator=Q5(TL431CDBZR215)
Add component (AddParameter): Name = "Arrow Part Number"; Value = ""; VariantName = "[No Variations]"
Add component (AddParameter): Name = "Arrow Price/Stock"; Value = ""; VariantName = "[No Variations]"
Add component (AddParameter): Name = "Datasheet Link"; Value = "https://componentsearchengine.com/Datasheets/2/2N7002BK.pdf"; VariantName = "[No Variations]"
Add component (AddParameter): Name = "Height"; Value = "1.1mm"; VariantName = "[No Variations]"
Add component (AddParameter): Name = "Manufacturer_Name"; Value = "Nexperia"; VariantName = "[No Variations]"
Add component (AddParameter): Name = "Manufacturer_Part_Number"; Value = "2N7002BK"; VariantName = "[No Variations]"
Add component (AddParameter): Name = "Mouser Part Number"; Value = "N/A"; VariantName = "[No Variations]"
Add component (AddParameter): Name = "Mouser Price/Stock"; Value = "https://www.mouser.co.uk/ProductDetail/Nexperia/2N7002BK?qs=vHuUswq2%252Bsy7zq%252BdG1DqyA%3D%3D"; VariantName = "[No Variations]"
Added Component: Designator=Q?(TL431CDBZR215)
Add component (AddParameter): Name = "Arrow Part Number"; Value = ""; VariantName = "[No Variations]"
Add component (AddParameter): Name = "Arrow Price/Stock"; Value = ""; VariantName = "[No Variations]"
Add component (AddParameter): Name = "Datasheet Link"; Value = "https://componentsearchengine.com/Datasheets/2/2N7002BK.pdf"; VariantName = "[No Variations]"
Add component (AddParameter): Name = "Height"; Value = "1.1mm"; VariantName = "[No Variations]"
Add component (AddParameter): Name = "Manufacturer_Name"; Value = "Nexperia"; VariantName = "[No Variations]"
Add component (AddParameter): Name = "Manufacturer_Part_Number"; Value = "2N7002BK"; VariantName = "[No Variations]"
Add component (AddParameter): Name = "Mouser Part Number"; Value = "N/A"; VariantName = "[No Variations]"
Add component (AddParameter): Name = "Mouser Price/Stock"; Value = "https://www.mouser.co.uk/ProductDetail/Nexperia/2N7002BK?qs=vHuUswq2%252Bsy7zq%252BdG1DqyA%3D%3D"; VariantName = "[No Variations]"
Added Component: Designator=R21(Resistor 1206)
Added Component: Designator=R26(Resistor 1206)
Added Component: Designator=R29(Resistor 1206)
Added Component: Designator=R30(Resistor 1206)
Added Component: Designator=R?(Resistor 1206)
Add Pin To Net: Unknown Pin: Pin DS1-MH1
Add Pin To Net: Unknown Pin: Pin DS1-MH2
Add Pin To Net: Unknown Pin: Pin DS1-MH3
Add Pin To Net: Unknown Pin: Pin DS1-MH4
Added Pin To Net: NetName=NetDS1_4 Pin=IC5-37
Added Pin To Net: NetName=+3.3V Pin=IC6-7
Added Pin To Net: NetName=+3.3V Pin=IC8-14
Added Pin To Net: NetName=+3.3V Pin=Q5-1
Added Pin To Net: NetName=GND Pin=Q5-2
Added Pin To Net: NetName=NetIC5_11 Pin=Q?-1
Added Pin To Net: NetName=GND Pin=Q?-2
Added Pin To Net: NetName=Vbat Pin=R5-1
Added Pin To Net: NetName=GND Pin=R21-1
Added Pin To Net: NetName=Vusb Pin=R21-2
Added Pin To Net: NetName=+3.3V Pin=R26-1
Added Pin To Net: NetName=GND Pin=R26-2
Added Pin To Net: NetName=+3.3V Pin=R28-1
Added Pin To Net: NetName=Vusb Pin=R29-2
Added Pin To Net: NetName=GND Pin=R30-1
Added Pin To Net: NetName=NetIC5_11 Pin=R?-1
Added Pin To Net: NetName=GND Pin=R?-2
Added Pin To Net: NetName=NetIC6_8 Pin=IC6-8
Added Pin To Net: NetName=NetIC6_8 Pin=R29-1
Added Pin To Net: NetName=NetIC6_8 Pin=R30-2
Added Net: Name=NetIC6_8
Added Pin To Net: NetName=NetIC8_7 Pin=IC8-7
Added Pin To Net: NetName=NetIC8_7 Pin=R28-2
Added Net: Name=NetIC8_7
Added Pin To Net: NetName=NetQ1_1 Pin=Q1-1
Added Pin To Net: NetName=NetQ1_1 Pin=Q5-3
Added Pin To Net: NetName=NetQ1_1 Pin=R5-2
Added Net: Name=NetQ1_1
Added Pin To Net: NetName=NetQ?_3 Pin=Q?-3
Added Pin To Net: NetName=NetQ?_3 Pin=U2-4
Added Net: Name=NetQ?_3
Added Member To Class: ClassName=TPI_time_timer Member=Component Q5 2N7002BK
Added Member To Class: ClassName=TPI_time_timer Member=Component Q? 2N7002BK
Added Member To Class: ClassName=TPI_time_timer Member=Component R21 10k
Added Member To Class: ClassName=TPI_time_timer Member=Component R26 10k
Added Member To Class: ClassName=TPI_time_timer Member=Component R29 24k
Added Member To Class: ClassName=TPI_time_timer Member=Component R30 47k
Added Member To Class: ClassName=TPI_time_timer Member=Component R? 10K
