Replace Part C4 Condo non polarisé in C:\Users\michgae\OneDrive - DIVTEC\EMT\TPI\TPI_time_timer\TPI_time_timer.SchDoc with Condo non polarisé from SchLib1.SchLib
Replace Part C8 Condo polarisé in C:\Users\michgae\OneDrive - DIVTEC\EMT\TPI\TPI_time_timer\TPI_time_timer.SchDoc with Condo polarisé from SchLib1.SchLib
Replace Part C9 Condo polarisé in C:\Users\michgae\OneDrive - DIVTEC\EMT\TPI\TPI_time_timer\TPI_time_timer.SchDoc with Condo polarisé from SchLib1.SchLib
Replace Part C10 Condo non polarisé in C:\Users\michgae\OneDrive - DIVTEC\EMT\TPI\TPI_time_timer\TPI_time_timer.SchDoc with Condo non polarisé from SchLib1.SchLib
Replace Part C11 Condo non polarisé in C:\Users\michgae\OneDrive - DIVTEC\EMT\TPI\TPI_time_timer\TPI_time_timer.SchDoc with Condo non polarisé from SchLib1.SchLib
Replace Part C12 Condo polarisé in C:\Users\michgae\OneDrive - DIVTEC\EMT\TPI\TPI_time_timer\TPI_time_timer.SchDoc with Condo polarisé from SchLib1.SchLib
Replace Part C13 Condo non polarisé in C:\Users\michgae\OneDrive - DIVTEC\EMT\TPI\TPI_time_timer\TPI_time_timer.SchDoc with Condo non polarisé from SchLib1.SchLib
Replace Part C16 Condo polarisé in C:\Users\michgae\OneDrive - DIVTEC\EMT\TPI\TPI_time_timer\TPI_time_timer.SchDoc with Condo polarisé from SchLib1.SchLib
Replace Part C21 Condo polarisé in C:\Users\michgae\OneDrive - DIVTEC\EMT\TPI\TPI_time_timer\TPI_time_timer.SchDoc with Condo polarisé from SchLib1.SchLib
Replace Part P1 Header 8pin in C:\Users\michgae\OneDrive - DIVTEC\EMT\TPI\TPI_time_timer\TPI_time_timer.SchDoc with Header 8pin from SchLib1.SchLib
Replace Part P2 Trimmer in C:\Users\michgae\OneDrive - DIVTEC\EMT\TPI\TPI_time_timer\TPI_time_timer.SchDoc with Trimmer from SchLib1.SchLib
Replace Part R1 Resistor 1206 [SMD] in C:\Users\michgae\OneDrive - DIVTEC\EMT\TPI\TPI_time_timer\TPI_time_timer.SchDoc with Resistor 1206 [SMD] from SchLib1.SchLib
Replace Part R2 Resistor 1206 [SMD] in C:\Users\michgae\OneDrive - DIVTEC\EMT\TPI\TPI_time_timer\TPI_time_timer.SchDoc with Resistor 1206 [SMD] from SchLib1.SchLib
Replace Part R3 Resistor 1206 [SMD] in C:\Users\michgae\OneDrive - DIVTEC\EMT\TPI\TPI_time_timer\TPI_time_timer.SchDoc with Resistor 1206 [SMD] from SchLib1.SchLib
Replace Part R4 Resistor 1206 [SMD] in C:\Users\michgae\OneDrive - DIVTEC\EMT\TPI\TPI_time_timer\TPI_time_timer.SchDoc with Resistor 1206 [SMD] from SchLib1.SchLib
Replace Part R5 Resistor 1206 [SMD] in C:\Users\michgae\OneDrive - DIVTEC\EMT\TPI\TPI_time_timer\TPI_time_timer.SchDoc with Resistor 1206 [SMD] from SchLib1.SchLib
Replace Part R6 Resistor 1206 [SMD] in C:\Users\michgae\OneDrive - DIVTEC\EMT\TPI\TPI_time_timer\TPI_time_timer.SchDoc with Resistor 1206 [SMD] from SchLib1.SchLib
Replace Part R7 Resistor 1206 [SMD] in C:\Users\michgae\OneDrive - DIVTEC\EMT\TPI\TPI_time_timer\TPI_time_timer.SchDoc with Resistor 1206 [SMD] from SchLib1.SchLib
Replace Part R8 Resistor 1206 [SMD] in C:\Users\michgae\OneDrive - DIVTEC\EMT\TPI\TPI_time_timer\TPI_time_timer.SchDoc with Resistor 1206 [SMD] from SchLib1.SchLib
Replace Part R9 Resistor in C:\Users\michgae\OneDrive - DIVTEC\EMT\TPI\TPI_time_timer\TPI_time_timer.SchDoc with Resistor from SchLib1.SchLib
Replace Part R10 Resistor 1206 [SMD] in C:\Users\michgae\OneDrive - DIVTEC\EMT\TPI\TPI_time_timer\TPI_time_timer.SchDoc with Resistor 1206 [SMD] from SchLib1.SchLib
Replace Part R11 Resistor 1206 [SMD] in C:\Users\michgae\OneDrive - DIVTEC\EMT\TPI\TPI_time_timer\TPI_time_timer.SchDoc with Resistor 1206 [SMD] from SchLib1.SchLib
Replace Part R12 Resistor in C:\Users\michgae\OneDrive - DIVTEC\EMT\TPI\TPI_time_timer\TPI_time_timer.SchDoc with Resistor from SchLib1.SchLib
Replace Part R13 Resistor 1206 [SMD] in C:\Users\michgae\OneDrive - DIVTEC\EMT\TPI\TPI_time_timer\TPI_time_timer.SchDoc with Resistor 1206 [SMD] from SchLib1.SchLib
Replace Part R14 Resistor 1206 [SMD] in C:\Users\michgae\OneDrive - DIVTEC\EMT\TPI\TPI_time_timer\TPI_time_timer.SchDoc with Resistor 1206 [SMD] from SchLib1.SchLib
Replace Part R15 Resistor 1206 [SMD] in C:\Users\michgae\OneDrive - DIVTEC\EMT\TPI\TPI_time_timer\TPI_time_timer.SchDoc with Resistor 1206 [SMD] from SchLib1.SchLib
Replace Part R16 Resistor 1206 [SMD] in C:\Users\michgae\OneDrive - DIVTEC\EMT\TPI\TPI_time_timer\TPI_time_timer.SchDoc with Resistor 1206 [SMD] from SchLib1.SchLib
Replace Part R17 Resistor 1206 [SMD] in C:\Users\michgae\OneDrive - DIVTEC\EMT\TPI\TPI_time_timer\TPI_time_timer.SchDoc with Resistor 1206 [SMD] from SchLib1.SchLib
Replace Part R18 Resistor 1206 [SMD] in C:\Users\michgae\OneDrive - DIVTEC\EMT\TPI\TPI_time_timer\TPI_time_timer.SchDoc with Resistor 1206 [SMD] from SchLib1.SchLib
Replace Part R19 Resistor 1206 [SMD] in C:\Users\michgae\OneDrive - DIVTEC\EMT\TPI\TPI_time_timer\TPI_time_timer.SchDoc with Resistor 1206 [SMD] from SchLib1.SchLib
Replace Part R20 Resistor 1206 [SMD] in C:\Users\michgae\OneDrive - DIVTEC\EMT\TPI\TPI_time_timer\TPI_time_timer.SchDoc with Resistor 1206 [SMD] from SchLib1.SchLib
Replace Part R21 Resistor 1206 [SMD] in C:\Users\michgae\OneDrive - DIVTEC\EMT\TPI\TPI_time_timer\TPI_time_timer.SchDoc with Resistor 1206 [SMD] from SchLib1.SchLib
Replace Part R22 Resistor 1206 [SMD] in C:\Users\michgae\OneDrive - DIVTEC\EMT\TPI\TPI_time_timer\TPI_time_timer.SchDoc with Resistor 1206 [SMD] from SchLib1.SchLib
Replace Part R23 Resistor 1206 [SMD] in C:\Users\michgae\OneDrive - DIVTEC\EMT\TPI\TPI_time_timer\TPI_time_timer.SchDoc with Resistor 1206 [SMD] from SchLib1.SchLib
Replace Part R24 Resistor 1206 [SMD] in C:\Users\michgae\OneDrive - DIVTEC\EMT\TPI\TPI_time_timer\TPI_time_timer.SchDoc with Resistor 1206 [SMD] from SchLib1.SchLib
Replace Part R25 Resistor 1206 [SMD] in C:\Users\michgae\OneDrive - DIVTEC\EMT\TPI\TPI_time_timer\TPI_time_timer.SchDoc with Resistor 1206 [SMD] from SchLib1.SchLib
Replace Part R26 Resistor 1206 [SMD] in C:\Users\michgae\OneDrive - DIVTEC\EMT\TPI\TPI_time_timer\TPI_time_timer.SchDoc with Resistor 1206 [SMD] from SchLib1.SchLib
Replace Part R27 Resistor 1206 [SMD] in C:\Users\michgae\OneDrive - DIVTEC\EMT\TPI\TPI_time_timer\TPI_time_timer.SchDoc with Resistor 1206 [SMD] from SchLib1.SchLib
Replace Part R28 Resistor 1206 [SMD] in C:\Users\michgae\OneDrive - DIVTEC\EMT\TPI\TPI_time_timer\TPI_time_timer.SchDoc with Resistor 1206 [SMD] from SchLib1.SchLib
Update Managed Component U2 From CMP-0057-00052-4[LM386N-1/NOPB] To CMP-0057-00052-4[LM386N-1/NOPB] in TPI_time_timer.SchDoc
