Removed Pin From Net: NetName=GND Pin=C18-1
Removed Pin From Net: NetName=GND Pin=C19-1
Change Component Footprint: Designator=C18 Old Footprint=CAPC1005X56N New Footprint=C1206
Change Component Footprint: Designator=C19 Old Footprint=CAPC1005X56N New Footprint=C1206
Change component parameters: Designator = "C18" ("C18"); Footprint = "CAPC1005X56N"; UniqueID = "\YFMZYPBM" ("\YFMZYPBM")
Change component parameters (AddParameter): Name = "Arrow Part Number"; Value = "C1206C106K4RACTU"; VariantName = "[No Variations]"
Change component parameters (AddParameter): Name = "Arrow Price/Stock"; Value = "https://www.arrow.com/en/products/c1206c106k4ractu/kemet-corporation?region=nac"; VariantName = "[No Variations]"
Change component parameters (AddParameter): Name = "Datasheet Link"; Value = "https://content.kemet.com/datasheets/KEM_C1002_X7R_SMD.pdf"; VariantName = "[No Variations]"
Change component parameters (AddParameter): Name = "Manufacturer_Name"; Value = "KEMET"; VariantName = "[No Variations]"
Change component parameters (AddParameter): Name = "Manufacturer_Part_Number"; Value = "C1206C106K4RACTU"; VariantName = "[No Variations]"
Change component parameters (AddParameter): Name = "Mouser Part Number"; Value = "80-C1206C106K4R"; VariantName = "[No Variations]"
Change component parameters (AddParameter): Name = "Mouser Price/Stock"; Value = "https://www.mouser.co.uk/ProductDetail/KEMET/C1206C106K4RACTU?qs=guDyKOyRtV0mxqxQedB7kA%3D%3D"; VariantName = "[No Variations]"
Change component parameters: Designator = "C19" ("C19"); Footprint = "CAPC1005X56N"; UniqueID = "\XDEBJEGH" ("\XDEBJEGH")
Change component parameters (AddParameter): Name = "Arrow Part Number"; Value = "C1206C106K4RACTU"; VariantName = "[No Variations]"
Change component parameters (AddParameter): Name = "Arrow Price/Stock"; Value = "https://www.arrow.com/en/products/c1206c106k4ractu/kemet-corporation?region=nac"; VariantName = "[No Variations]"
Change component parameters (AddParameter): Name = "Datasheet Link"; Value = "https://content.kemet.com/datasheets/KEM_C1002_X7R_SMD.pdf"; VariantName = "[No Variations]"
Change component parameters (AddParameter): Name = "Manufacturer_Name"; Value = "KEMET"; VariantName = "[No Variations]"
Change component parameters (AddParameter): Name = "Manufacturer_Part_Number"; Value = "C1206C106K4RACTU"; VariantName = "[No Variations]"
Change component parameters (AddParameter): Name = "Mouser Part Number"; Value = "80-C1206C106K4R"; VariantName = "[No Variations]"
Change component parameters (AddParameter): Name = "Mouser Price/Stock"; Value = "https://www.mouser.co.uk/ProductDetail/KEMET/C1206C106K4RACTU?qs=guDyKOyRtV0mxqxQedB7kA%3D%3D"; VariantName = "[No Variations]"
Added Pin To Net: NetName=GND Pin=C18-2
Added Pin To Net: NetName=GND Pin=C19-2
Add Pin To Net: Unknown Pin: Pin DS1-MH1
Add Pin To Net: Unknown Pin: Pin DS1-MH2
Add Pin To Net: Unknown Pin: Pin DS1-MH3
Add Pin To Net: Unknown Pin: Pin DS1-MH4
Added Pin To Net: NetName=NetC18_1 Pin=C18-1
Added Pin To Net: NetName=NetC18_1 Pin=IC8-15
Added Pin To Net: NetName=NetC18_1 Pin=Y2-2
Added Net: Name=NetC18_1
Added Pin To Net: NetName=NetC19_1 Pin=C19-1
Added Pin To Net: NetName=NetC19_1 Pin=IC8-16
Added Pin To Net: NetName=NetC19_1 Pin=Y2-1
Added Net: Name=NetC19_1
