Removed Member From Class: ClassName=TPI_time_timer Member=Q5
Change Component Comment : Designator=R3 Old Comment=1k New Comment=10k
Change Component Comment : Designator=R4 Old Comment=1k New Comment=10k
Change Component Designator: OldDesignator=D1 NewDesignator=Q4
Change Component Designator: OldDesignator=D2 NewDesignator=Q5
Change Component Designator: OldDesignator=DS1 NewDesignator=P2
Change Component Designator: OldDesignator=J1 NewDesignator=X3
Change Component Designator: OldDesignator=J2 NewDesignator=X2
Change Component Designator: OldDesignator=J3 NewDesignator=X7
Change Component Designator: OldDesignator=J4 NewDesignator=X5
Change Component Designator: OldDesignator=J5 NewDesignator=X6
Change Component Designator: OldDesignator=J6 NewDesignator=X8
Change Component Designator: OldDesignator=K1 NewDesignator=S1
Change Component Designator: OldDesignator=P1 NewDesignator=X1
Change Component Designator: OldDesignator=Q2 NewDesignator=Q3
Change Component Designator: OldDesignator=Q3 NewDesignator=K1
Change Component Designator: OldDesignator=Q4 NewDesignator=K2
Change Component Designator: OldDesignator=Q5 NewDesignator=Q2
Change Component Designator: OldDesignator=U1 NewDesignator=X4
Add Pin To Net: Unknown Pin: Pin P2-MH1
Add Pin To Net: Unknown Pin: Pin P2-MH2
Add Pin To Net: Unknown Pin: Pin P2-MH3
Add Pin To Net: Unknown Pin: Pin P2-MH4
Change Net Name : Old Net Name=NetD1_1 New Net Name=NetQ4_1
Change Net Name : Old Net Name=NetDS1_4 New Net Name=NetIC5_26
Change Net Name : Old Net Name=NetDS1_7 New Net Name=NetIC5_30
Change Net Name : Old Net Name=NetDS1_8 New Net Name=NetIC5_37
Change Net Name : Old Net Name=NetDS1_16 New Net Name=NetIC2_3
Change Net Name : Old Net Name=NetDS1_17 New Net Name=NetIC5_31
Change Net Name : Old Net Name=NetJ5_1 New Net Name=NetR10_2
Change Net Name : Old Net Name=NetJ5_2 New Net Name=NetR11_2
Change Net Name : Old Net Name=NetJ6_2 New Net Name=NetK1_3
Change Net Name : Old Net Name=NetK1_1 New Net Name=NetR19_1
Change Net Name : Old Net Name=NetQ2_3 New Net Name=NetQ3_3
Added Member To Class: ClassName=TPI_time_timer Member=Component S1 AHF22
